<?xml version="1.0" encoding="UTF-8"?>
<!-- Generated by org.testng.reporters.JUnitReportReporter -->
<testsuite hostname="X-mens-MacBook-Pro.local" name="com.ninjacart.keywordLibrary.keywords" tests="1" failures="0" timestamp="11 Nov 2016 12:46:10 GMT" time="42.320" errors="0">
  <testcase name="run" time="42.320" classname="com.ninjacart.keywordLibrary.keywords"/>
</testsuite> <!-- com.ninjacart.keywordLibrary.keywords -->
