<?xml version="1.0" encoding="UTF-8"?>
<!-- Generated by org.testng.reporters.JUnitReportReporter -->
<testsuite hostname="X-mens-MacBook-Pro.local" name="com.ninjacart.scripts.FalconScripts" tests="1" failures="0" timestamp="12 Nov 2016 12:59:25 GMT" time="84.131" errors="0">
  <testcase name="validateLogin" time="84.131" classname="com.ninjacart.scripts.FalconScripts"/>
</testsuite> <!-- com.ninjacart.scripts.FalconScripts -->
