<?xml version="1.0" encoding="UTF-8"?>
<!-- Generated by org.testng.reporters.JUnitReportReporter -->
<testsuite hostname="X-mens-MacBook-Pro.local" name="com.ninjacart.scripts.report" tests="1" failures="0" timestamp="4 Jan 2017 05:23:55 GMT" time="0.018" errors="0">
  <testcase name="run" time="0.018" classname="com.ninjacart.scripts.report"/>
</testsuite> <!-- com.ninjacart.scripts.report -->
