<?xml version="1.0" encoding="UTF-8"?>
<!-- Generated by org.testng.reporters.JUnitReportReporter -->
<testsuite hostname="X-mens-MacBook-Pro.local" name="com.ninjacart.scripts.customInt" tests="1" failures="0" timestamp="16 Jan 2017 05:57:09 GMT" time="0.020" errors="0">
  <testcase name="test" time="0.020" classname="com.ninjacart.scripts.customInt"/>
</testsuite> <!-- com.ninjacart.scripts.customInt -->
