<?xml version="1.0" encoding="UTF-8"?>
<!-- Generated by org.testng.reporters.JUnitReportReporter -->
<testsuite hostname="X-mens-MacBook-Pro.local" name="com.ninjacart.scripts.HelloWorld" tests="1" failures="0" timestamp="4 Jan 2017 05:52:44 GMT" time="0.313" errors="0">
  <testcase name="run" time="0.313" classname="com.ninjacart.scripts.HelloWorld"/>
</testsuite> <!-- com.ninjacart.scripts.HelloWorld -->
