<?xml version="1.0" encoding="UTF-8"?>
<!-- Generated by org.testng.reporters.JUnitReportReporter -->
<testsuite hostname="X-mens-MacBook-Pro.local" name="com.ninjacart.scripts.FlashScripts" tests="1" failures="0" timestamp="21 Apr 2017 13:47:45 GMT" time="85.217" errors="0">
  <testcase name="reGradingToGradingForSKuVarient" time="85.217" classname="com.ninjacart.scripts.FlashScripts"/>
</testsuite> <!-- com.ninjacart.scripts.FlashScripts -->
