<?xml version="1.0" encoding="UTF-8"?>
<!-- Generated by org.testng.reporters.JUnitReportReporter -->
<testsuite hostname="Users-MacBook-Pro.local" name="com.ts.scriptlibrary.SecureFields" tests="1" failures="0" timestamp="11 Sep 2018 10:54:29 GMT" time="27.752" errors="0">
  <testcase name="test1" time="27.752" classname="com.ts.scriptlibrary.SecureFields"/>
</testsuite> <!-- com.ts.scriptlibrary.SecureFields -->
